[debug] [2019-11-25T00:30:24.299Z] ----------------------------------------------------------------------
[debug] [2019-11-25T00:30:24.302Z] Command:       C:\Program Files\nodejs\node.exe C:\Users\ykoba\AppData\Roaming\npm\node_modules\firebase-tools\lib\bin\firebase.js init
[debug] [2019-11-25T00:30:24.302Z] CLI Version:   7.8.1
[debug] [2019-11-25T00:30:24.302Z] Platform:      win32
[debug] [2019-11-25T00:30:24.302Z] Node Version:  v10.16.3
[debug] [2019-11-25T00:30:24.305Z] Time:          Mon Nov 25 2019 09:30:24 GMT+0900 (GMT+09:00)
[debug] [2019-11-25T00:30:24.305Z] ----------------------------------------------------------------------
[debug] [2019-11-25T00:30:24.305Z] 
[debug] [2019-11-25T00:30:24.312Z] > command requires scopes: ["email","openid","https://www.googleapis.com/auth/cloudplatformprojects.readonly","https://www.googleapis.com/auth/firebase","https://www.googleapis.com/auth/cloud-platform"]
[debug] [2019-11-25T00:30:24.312Z] > authorizing via signed-in user
[info] 
     ######## #### ########  ######## ########     ###     ######  ########
     ##        ##  ##     ## ##       ##     ##  ##   ##  ##       ##
     ######    ##  ########  ######   ########  #########  ######  ######
     ##        ##  ##    ##  ##       ##     ## ##     ##       ## ##
     ##       #### ##     ## ######## ########  ##     ##  ######  ########

You're about to initialize a Firebase project in this directory:

  D:\develop\ティラノビルダー\myproject\camplus\docs

[info] 
=== Project Setup
[info] 
[info] First, let's associate this project directory with a Firebase project.
[info] You can create multiple project aliases by running firebase use --add, 
[info] but for now we'll just set up a default project.
[info] 
[debug] [2019-11-25T00:31:04.218Z] > refreshing access token with scopes: ["email","https://www.googleapis.com/auth/cloud-platform","https://www.googleapis.com/auth/cloudplatformprojects.readonly","https://www.googleapis.com/auth/firebase","openid"]
[debug] [2019-11-25T00:31:04.218Z] >>> HTTP REQUEST POST https://www.googleapis.com/oauth2/v3/token  
 <request body omitted>
[debug] [2019-11-25T00:31:04.445Z] <<< HTTP RESPONSE 200
[debug] [2019-11-25T00:31:04.477Z] >>> HTTP REQUEST GET https://firebase.googleapis.com/v1beta1/projects?pageSize=100  
 
[debug] [2019-11-25T00:31:05.406Z] <<< HTTP RESPONSE 200
[info] i  Using project camplus-adv (camplus)
[info] 
=== Hosting Setup
[info] 
[info] Your public directory is the folder (relative to your project directory) that
[info] will contain Hosting assets to be uploaded with firebase deploy. If you
[info] have a build process for your assets, use your build's output directory.
[info] 
[debug] [2019-11-25T00:32:03.680Z] >>> HTTP REQUEST GET https://www.gstatic.com/firebasejs/releases.json  
 
[debug] [2019-11-25T00:32:03.799Z] <<< HTTP RESPONSE 200
